<?xml version="1.0" encoding="UTF-8"?>
<!-- Generated by org.testng.reporters.JUnitXMLReporter -->
<testsuite hostname="DESKTOP-VMV8R1C" ignored="0" name="devaramane" tests="6" failures="0" timestamp="18 Nov 2019 18:08:02 GMT" time="0.128" errors="0">
  <testcase name="testing1" time="0.021" classname="TestNGPractice.TestNG_1"/>
  <testcase name="testing2" time="0.004" classname="TestNGPractice.TestNG_1"/>
  <testcase name="testing3" time="0.014" classname="TestNGPractice.TestNG_1"/>
  <testcase name="testing4" time="0.001" classname="TestNGPractice.TestNG_2"/>
  <testcase name="testing5" time="0.007" classname="TestNGPractice.TestNG_2"/>
  <testcase name="testing6" time="0.003" classname="TestNGPractice.TestNG_2"/>
</testsuite> <!-- devaramane -->
